输入位数：1
2
3
4
5
6
7
8
9
10
11
20
21
22
30
31
32
33
40
41
42
43
44
50
51
52
53
54
55
60
61
62
63
64
65
66
70
71
72
73
74
75
76
77
80
81
82
83
84
85
90
91
92
93
94
100
110
111
200
210
211
220
221
222
300
310
311
320
321
322
330
331
332
333
400
410
411
420
421
422
430
431
432
433
440
441
442
443
444
500
510
511
520
521
522
530
531
532
533
540
541
542
543
544
550
551
552
553
554
555
600
610
611
620
621
622
630
631
632
633
640
641
642
643
644
650
651
652
653
654
655
660
661
662
663
664
665
666
700
710
711
720
721
722
730
731
732
733
740
741
742
743
744
750
751
752
753
754
755
760
761
762
763
764
765
766
770
771
772
773
774
775
776
800
810
811
820
821
822
830
831
832
833
840
841
842
843
844
850
851
852
853
854
855
860
861
862
863
864
865
866
870
871
872
873
874
875
900
910
911
920
921
922
930
931
932
933
940
941
942
943
944
950
951
952
953
954
955
960
961
962
963
1000
1100
1110
1111
2000
2100
2110
2111
2200
2210
2211
2220
2221
2222
3000
3100
3110
3111
3200
3210
3211
3220
3221
3222
3300
3310
3311
3320
3321
3322
3330
3331
3332
3333
4000
4100
4110
4111
4200
4210
4211
4220
4221
4222
4300
4310
4311
4320
4321
4322
4330
4331
4332
4333
4400
4410
4411
4420
4421
4422
4430
4431
4432
4433
4440
4441
4442
4443
4444
5000
5100
5110
5111
5200
5210
5211
5220
5221
5222
5300
5310
5311
5320
5321
5322
5330
5331
5332
5333
5400
5410
5411
5420
5421
5422
5430
5431
5432
5433
5440
5441
5442
5443
5444
5500
5510
5511
5520
5521
5522
5530
5531
5532
5533
5540
5541
5542
5543
5544
5550
5551
5552
5553
5554
5555
6000
6100
6110
6111
6200
6210
6211
6220
6221
6222
6300
6310
6311
6320
6321
6322
6330
6331
6332
6333
6400
6410
6411
6420
6421
6422
6430
6431
6432
6433
6440
6441
6442
6443
6444
6500
6510
6511
6520
6521
6522
6530
6531
6532
6533
6540
6541
6542
6543
6544
6550
6551
6552
6553
6554
6555
6600
6610
6611
6620
6621
6622
6630
6631
6632
6633
6640
6641
6642
6643
6644
6650
6651
6652
6653
6654
6655
6660
6661
6662
6663
6664
6665
6666
7000
7100
7110
7111
7200
7210
7211
7220
7221
7222
7300
7310
7311
7320
7321
7322
7330
7331
7332
7333
7400
7410
7411
7420
7421
7422
7430
7431
7432
7433
7440
7441
7442
7443
7444
7500
7510
7511
7520
7521
7522
7530
7531
7532
7533
7540
7541
7542
7543
7544
7550
7551
7552
7553
7554
7555
7600
7610
7611
7620
7621
7622
7630
7631
7632
7633
7640
7641
7642
7643
7644
7650
7651
7652
7653
7654
7655
7660
7661
7662
7663
7664
7665
7666
7700
7710
7711
7720
7721
7722
7730
7731
7732
7733
7740
7741
7742
7743
7744
7750
7751
7752
7753
7754
7755
7760
7761
7762
7763
7764
7765
7766
7770
7771
7772
7773
7774
7775
7776
7777
8000
8100
8110
8111
8200
8210
8211
8220
8221
8222
8300
8310
8311
8320
8321
8322
8330
8331
8332
8333
8400
8410
8411
8420
8421
8422
8430
8431
8432
8433
8440
8441
8442
8443
8444
8500
8510
8511
8520
8521
8522
8530
8531
8532
8533
8540
8541
8542
8543
8544
8550
8551
8552
8553
8554
8555
8600
8610
8611
8620
8621
8622
8630
8631
8632
8633
8640
8641
8642
8643
8644
8650
8651
8652
8653
8654
8655
8660
8661
8662
8663
8664
8665
8666
8700
8710
8711
8720
8721
8722
8730
8731
8732
8733
8740
8741
8742
8743
8744
8750
8751
8752
8753
8754
8755
8760
8761
8762
8763
8764
8765
8766
8770
8771
8772
8773
8774
8775
8800
8810
8811
8820
8821
8822
8830
8831
8832
8833
8840
8841
8842
8843
8844
8850
8851
8852
8853
8854
8855
8860
8861
8862
8863
8864
9000
9100
9110
9111
9200
9210
9211
9220
9221
9222
9300
9310
9311
9320
9321
9322
9330
9331
9332
9333
9400
9410
9411
9420
9421
9422
9430
9431
9432
9433
9440
9441
9442
9443
9444
9500
9510
9511
9520
9521
9522
9530
9531
9532
9533
9540
9541
9542
9543
9544
9550
9551
9552
9553
9554
9555
9600
9610
9611
9620
9621
9622
9630
9631
9632
9633
9640
9641
9642
9643
9644
9650
9651
9652
9653
9654
9655
9660
9661
9662
9663
9664
9665
9700
9710
9711
9720
9721
9722
9730
9731
9732
9733
9740
9741
9742
9743
9744
9750
9751
9752
9753
9754
10000
11000
11100
11110
11111
20000
21000
21100
21110
21111
22000
22100
22110
22111
22200
22210
22211
22220
22221
22222
30000
31000
31100
31110
31111
32000
32100
32110
32111
32200
32210
32211
32220
32221
32222
33000
33100
33110
33111
33200
33210
33211
33220
33221
33222
33300
33310
33311
33320
33321
33322
33330
33331
33332
33333
40000
41000
41100
41110
41111
42000
42100
42110
42111
42200
42210
42211
42220
42221
42222
43000
43100
43110
43111
43200
43210
43211
43220
43221
43222
43300
43310
43311
43320
43321
43322
43330
43331
43332
43333
44000
44100
44110
44111
44200
44210
44211
44220
44221
44222
44300
44310
44311
44320
44321
44322
44330
44331
44332
44333
44400
44410
44411
44420
44421
44422
44430
44431
44432
44433
44440
44441
44442
44443
44444
50000
51000
51100
51110
51111
52000
52100
52110
52111
52200
52210
52211
52220
52221
52222
53000
53100
53110
53111
53200
53210
53211
53220
53221
53222
53300
53310
53311
53320
53321
53322
53330
53331
53332
53333
54000
54100
54110
54111
54200
54210
54211
54220
54221
54222
54300
54310
54311
54320
54321
54322
54330
54331
54332
54333
54400
54410
54411
54420
54421
54422
54430
54431
54432
54433
54440
54441
54442
54443
54444
55000
55100
55110
55111
55200
55210
55211
55220
55221
55222
55300
55310
55311
55320
55321
55322
55330
55331
55332
55333
55400
55410
55411
55420
55421
55422
55430
55431
55432
55433
55440
55441
55442
55443
55444
55500
55510
55511
55520
55521
55522
55530
55531
55532
55533
55540
55541
55542
55543
55544
55550
55551
55552
55553
55554
55555
60000
61000
61100
61110
61111
62000
62100
62110
62111
62200
62210
62211
62220
62221
62222
63000
63100
63110
63111
63200
63210
63211
63220
63221
63222
63300
63310
63311
63320
63321
63322
63330
63331
63332
63333
64000
64100
64110
64111
64200
64210
64211
64220
64221
64222
64300
64310
64311
64320
64321
64322
64330
64331
64332
64333
64400
64410
64411
64420
64421
64422
64430
64431
64432
64433
64440
64441
64442
64443
64444
65000
65100
65110
65111
65200
65210
65211
65220
65221
65222
65300
65310
65311
65320
65321
65322
65330
65331
65332
65333
65400
65410
65411
65420
65421
65422
65430
65431
65432
65433
65440
65441
65442
65443
65444
65500
65510
65511
65520
65521
65522
65530
65531
65532
65533
65540
65541
65542
65543
65544
65550
65551
65552
65553
65554
65555
66000
66100
66110
66111
66200
66210
66211
66220
66221
66222
66300
66310
66311
66320
66321
66322
66330
66331
66332
66333
66400
66410
66411
66420
66421
66422
66430
66431
66432
66433
66440
66441
66442
66443
66444
66500
66510
66511
66520
66521
66522
66530
66531
66532
66533
66540
66541
66542
66543
66544
66550
66551
66552
66553
66554
66555
66600
66610
66611
66620
66621
66622
66630
66631
66632
66633
66640
66641
66642
66643
66644
66650
66651
66652
66653
66654
66655
66660
66661
66662
66663
66664
66665
66666
70000
71000
71100
71110
71111
72000
72100
72110
72111
72200
72210
72211
72220
72221
72222
73000
73100
73110
73111
73200
73210
73211
73220
73221
73222
73300
73310
73311
73320
73321
73322
73330
73331
73332
73333
74000
74100
74110
74111
74200
74210
74211
74220
74221
74222
74300
74310
74311
74320
74321
74322
74330
74331
74332
74333
74400
74410
74411
74420
74421
74422
74430
74431
74432
74433
74440
74441
74442
74443
74444
75000
75100
75110
75111
75200
75210
75211
75220
75221
75222
75300
75310
75311
75320
75321
75322
75330
75331
75332
75333
75400
75410
75411
75420
75421
75422
75430
75431
75432
75433
75440
75441
75442
75443
75444
75500
75510
75511
75520
75521
75522
75530
75531
75532
75533
75540
75541
75542
75543
75544
75550
75551
75552
75553
75554
75555
76000
76100
76110
76111
76200
76210
76211
76220
76221
76222
76300
76310
76311
76320
76321
76322
76330
76331
76332
76333
76400
76410
76411
76420
76421
76422
76430
76431
76432
76433
76440
76441
76442
76443
76444
76500
76510
76511
76520
76521
76522
76530
76531
76532
76533
76540
76541
76542
76543
76544
76550
76551
76552
76553
76554
76555
76600
76610
76611
76620
76621
76622
76630
76631
76632
76633
76640
76641
76642
76643
76644
76650
76651
76652
76653
76654
76655
76660
76661
76662
76663
76664
76665
76666
77000
77100
77110
77111
77200
77210
77211
77220
77221
77222
77300
77310
77311
77320
77321
77322
77330
77331
77332
77333
77400
77410
77411
77420
77421
77422
77430
77431
77432
77433
77440
77441
77442
77443
77444
77500
77510
77511
77520
77521
77522
77530
77531
77532
77533
77540
77541
77542
77543
77544
77550
77551
77552
77553
77554
77555
77600
77610
77611
77620
77621
77622
77630
77631
77632
77633
77640
77641
77642
77643
77644
77650
77651
77652
77653
77654
77655
77660
77661
77662
77663
77664
77665
77666
77700
77710
77711
77720
77721
77722
77730
77731
77732
77733
77740
77741
77742
77743
77744
77750
77751
77752
77753
77754
77755
77760
77761
77762
77763
77764
77765
77766
77770
77771
77772
77773
77774
77775
77776
77777
80000
81000
81100
81110
81111
82000
82100
82110
82111
82200
82210
82211
82220
82221
82222
83000
83100
83110
83111
83200
83210
83211
83220
83221
83222
83300
83310
83311
83320
83321
83322
83330
83331
83332
83333
84000
84100
84110
84111
84200
84210
84211
84220
84221
84222
84300
84310
84311
84320
84321
84322
84330
84331
84332
84333
84400
84410
84411
84420
84421
84422
84430
84431
84432
84433
84440
84441
84442
84443
84444
85000
85100
85110
85111
85200
85210
85211
85220
85221
85222
85300
85310
85311
85320
85321
85322
85330
85331
85332
85333
85400
85410
85411
85420
85421
85422
85430
85431
85432
85433
85440
85441
85442
85443
85444
85500
85510
85511
85520
85521
85522
85530
85531
85532
85533
85540
85541
85542
85543
85544
85550
85551
85552
85553
85554
85555
86000
86100
86110
86111
86200
86210
86211
86220
86221
86222
86300
86310
86311
86320
86321
86322
86330
86331
86332
86333
86400
86410
86411
86420
86421
86422
86430
86431
86432
86433
86440
86441
86442
86443
86444
86500
86510
86511
86520
86521
86522
86530
86531
86532
86533
86540
86541
86542
86543
86544
86550
86551
86552
86553
86554
86555
86600
86610
86611
86620
86621
86622
86630
86631
86632
86633
86640
86641
86642
86643
86644
86650
86651
86652
86653
86654
86655
86660
86661
86662
86663
86664
86665
86666
87000
87100
87110
87111
87200
87210
87211
87220
87221
87222
87300
87310
87311
87320
87321
87322
87330
87331
87332
87333
87400
87410
87411
87420
87421
87422
87430
87431
87432
87433
87440
87441
87442
87443
87444
87500
87510
87511
87520
87521
87522
87530
87531
87532
87533
87540
87541
87542
87543
87544
87550
87551
87552
87553
87554
87555
87600
87610
87611
87620
87621
87622
87630
87631
87632
87633
87640
87641
87642
87643
87644
87650
87651
87652
87653
87654
87655
87660
87661
87662
87663
87664
87665
87666
87700
87710
87711
87720
87721
87722
87730
87731
87732
87733
87740
87741
87742
87743
87744
87750
87751
87752
87753
87754
87755
87760
87761
87762
87763
87764
87765
87766
87770
87771
87772
87773
87774
87775
87776
87777
88000
88100
88110
88111
88200
88210
88211
88220
88221
88222
88300
88310
88311
88320
88321
88322
88330
88331
88332
88333
88400
88410
88411
88420
88421
88422
88430
88431
88432
88433
88440
88441
88442
88443
88444
88500
88510
88511
88520
88521
88522
88530
88531
88532
88533
88540
88541
88542
88543
88544
88550
88551
88552
88553
88554
88555
88600
88610
88611
88620
88621
88622
88630
88631
88632
88633
88640
88641
88642
88643
88644
88650
88651
88652
88653
88654
88655
88660
88661
88662
88663
88664
88665
88666
88700
88710
88711
88720
88721
88722
88730
88731
88732
88733
88740
88741
88742
88743
88744
88750
88751
88752
88753
88754
88755
88760
88761
88762
88763
88764
88765
88766
88770
88771
88772
88773
88800
88810
88811
88820
88821
88822
88830
88831
88832
88833
88840
88841
88842
88843
90000
91000
91100
91110
91111
92000
92100
92110
92111
92200
92210
92211
92220
92221
92222
93000
93100
93110
93111
93200
93210
93211
93220
93221
93222
93300
93310
93311
93320
93321
93322
93330
93331
93332
93333
94000
94100
94110
94111
94200
94210
94211
94220
94221
94222
94300
94310
94311
94320
94321
94322
94330
94331
94332
94333
94400
94410
94411
94420
94421
94422
94430
94431
94432
94433
94440
94441
94442
94443
94444
95000
95100
95110
95111
95200
95210
95211
95220
95221
95222
95300
95310
95311
95320
95321
95322
95330
95331
95332
95333
95400
95410
95411
95420
95421
95422
95430
95431
95432
95433
95440
95441
95442
95443
95444
95500
95510
95511
95520
95521
95522
95530
95531
95532
95533
95540
95541
95542
95543
95544
95550
95551
95552
95553
95554
95555
96000
96100
96110
96111
96200
96210
96211
96220
96221
96222
96300
96310
96311
96320
96321
96322
96330
96331
96332
96333
96400
96410
96411
96420
96421
96422
96430
96431
96432
96433
96440
96441
96442
96443
96444
96500
96510
96511
96520
96521
96522
96530
96531
96532
96533
96540
96541
96542
96543
96544
96550
96551
96552
96553
96554
96555
96600
96610
96611
96620
96621
96622
96630
96631
96632
96633
96640
96641
96642
96643
96644
96650
96651
96652
96653
96654
96655
96660
96661
96662
96663
96664
96665
96666
97000
97100
97110
97111
97200
97210
97211
97220
97221
97222
97300
97310
97311
97320
97321
97322
97330
97331
97332
97333
97400
97410
97411
97420
97421
97422
97430
97431
97432
97433
97440
97441
97442
97443
97444
97500
97510
97511
97520
97521
97522
97530
97531
97532
97533
97540
97541
97542
97543
97544
97550
97551
97552
97553
97554
97555
97600
97610
97611
97620
97621
97622
97630
97631
97632
97633
97640
97641
97642
97643
97644
97650
97651
97652
97653
97654
97655
97660
97661
97662
97663
97664
97665
97666
97700
97710
97711
97720
97721
97722
97730
97731
97732
97733
97740
97741
97742
97743
97744
97750
97751
97752
97753
97754
97755
98000
98100
98110
98111
98200
98210
98211
98220
98221
98222
98300
98310
98311
98320
98321
98322
98330
98331
98332
98333
98400
98410
98411
98420
98421
98422
98430
98431
98432
98433
98440
98441
98442
98443
98444
98500
98510
98511
98520
98521
98522
98530
98531
98532
98533
98540
98541
98542
98543
98544
98550
98551
98552
98553
98554
98600
98610
98611
98620
98621
98622
98630
98631
98632


Running Time：0.000000 s
